[2025-12-27 15:49:39] Displaying system information
[2025-12-27 16:05:25] Starting Main Menu
[2025-12-27 16:05:27] Displaying Windows toolbox menu
[2025-12-27 16:05:28] Displaying system information menu
[2025-12-27 16:05:31] Displaying Windows toolbox menu
[2025-12-27 16:05:34] Displaying Windows toolbox menu
[2025-12-27 16:05:36] Displaying Windows repair menu
[2025-12-27 16:05:39] Displaying Windows repair menu
[2025-12-27 16:05:40] Displaying Windows toolbox menu
[2025-12-27 16:05:42] Displaying Diskpart menu
[2025-12-27 16:05:43] Displaying Windows toolbox menu
[2025-12-27 16:05:44] Displaying Network Tools menu
[2025-12-27 16:05:45] Displaying Windows toolbox menu
[2025-12-27 16:05:47] Displaying Windows toolbox menu
[2025-12-27 16:05:48] Starting Main Menu
[2025-12-27 16:07:11] Starting Main Menu
[2025-12-27 16:07:13] Displaying Windows toolbox menu
[2025-12-27 16:07:37] Displaying Windows toolbox menu
[2025-12-27 16:17:54] Starting Main Menu
[2025-12-27 16:17:55] Starting Main Menu
[2025-12-27 16:17:57] Starting Main Menu
[2025-12-27 16:18:00] Starting Main Menu
[2025-12-27 16:18:03] Displaying Windows toolbox menu
[2025-12-27 16:18:04] Starting Main Menu
[2025-12-27 16:18:05] Displaying Zip Archive menu
[2025-12-27 16:18:12] Starting Main Menu
[2025-12-27 16:18:25] Displaying Zip Archive menu
[2025-12-27 16:18:34] Starting Main Menu
[2025-12-27 16:18:35] Displaying Zip Archive menu
[2025-12-27 16:18:39] Starting Main Menu
[2025-12-27 16:25:30] Starting Main Menu
[2025-12-27 16:25:33] Displaying Zip Archive menu
[2025-12-27 16:25:34] Starting Main Menu
[2025-12-27 16:27:20] Starting Main Menu
[2025-12-27 16:27:26] Starting Main Menu
[2025-12-27 16:27:42] Starting Main Menu
[2025-12-27 16:27:46] Starting Main Menu
[2025-12-27 16:28:05] Starting Main Menu
[2025-12-27 16:28:06] Displaying Zip Archive menu
[2025-12-27 16:28:07] Starting Main Menu
